Determining if the pthread_create exist failed with the following output:
Change Dir: /home/basilmt/catkin_ws/build/pkg_ros_basics/CMakeFiles/CMakeTmp

Run Build Command:"/usr/bin/make" "cmTC_f5795/fast"
/usr/bin/make -f CMakeFiles/cmTC_f5795.dir/build.make CMakeFiles/cmTC_f5795.dir/build
make[1]: Entering directory '/home/basilmt/catkin_ws/build/pkg_ros_basics/CMakeFiles/CMakeTmp'
Building C object CMakeFiles/cmTC_f5795.dir/CheckSymbolExists.c.o
/usr/bin/cc    -o CMakeFiles/cmTC_f5795.dir/CheckSymbolExists.c.o   -c /home/basilmt/catkin_ws/build/pkg_ros_basics/CMakeFiles/CMakeTmp/CheckSymbolExists.c
Linking C executable cmTC_f5795
/usr/bin/cmake -E cmake_link_script CMakeFiles/cmTC_f5795.dir/link.txt --verbose=1
/usr/bin/cc      -rdynamic CMakeFiles/cmTC_f5795.dir/CheckSymbolExists.c.o  -o cmTC_f5795 
CMakeFiles/cmTC_f5795.dir/CheckSymbolExists.c.o: In function `main':
CheckSymbolExists.c:(.text+0x1b): undefined reference to `pthread_create'
collect2: error: ld returned 1 exit status
CMakeFiles/cmTC_f5795.dir/build.make:97: recipe for target 'cmTC_f5795' failed
make[1]: *** [cmTC_f5795] Error 1
make[1]: Leaving directory '/home/basilmt/catkin_ws/build/pkg_ros_basics/CMakeFiles/CMakeTmp'
Makefile:126: recipe for target 'cmTC_f5795/fast' failed
make: *** [cmTC_f5795/fast] Error 2

File /home/basilmt/catkin_ws/build/pkg_ros_basics/CMakeFiles/CMakeTmp/CheckSymbolExists.c:
/* */
#include <pthread.h>

int main(int argc, char** argv)
{
  (void)argv;
#ifndef pthread_create
  return ((int*)(&pthread_create))[argc];
#else
  (void)argc;
  return 0;
#endif
}

Determining if the function pthread_create exists in the pthreads failed with the following output:
Change Dir: /home/basilmt/catkin_ws/build/pkg_ros_basics/CMakeFiles/CMakeTmp

Run Build Command:"/usr/bin/make" "cmTC_574ec/fast"
/usr/bin/make -f CMakeFiles/cmTC_574ec.dir/build.make CMakeFiles/cmTC_574ec.dir/build
make[1]: Entering directory '/home/basilmt/catkin_ws/build/pkg_ros_basics/CMakeFiles/CMakeTmp'
Building C object CMakeFiles/cmTC_574ec.dir/CheckFunctionExists.c.o
/usr/bin/cc   -DCHECK_FUNCTION_EXISTS=pthread_create   -o CMakeFiles/cmTC_574ec.dir/CheckFunctionExists.c.o   -c /usr/share/cmake-3.10/Modules/CheckFunctionExists.c
Linking C executable cmTC_574ec
/usr/bin/cmake -E cmake_link_script CMakeFiles/cmTC_574ec.dir/link.txt --verbose=1
/usr/bin/cc  -DCHECK_FUNCTION_EXISTS=pthread_create    -rdynamic CMakeFiles/cmTC_574ec.dir/CheckFunctionExists.c.o  -o cmTC_574ec -lpthreads 
/usr/bin/ld: cannot find -lpthreads
collect2: error: ld returned 1 exit status
CMakeFiles/cmTC_574ec.dir/build.make:97: recipe for target 'cmTC_574ec' failed
make[1]: *** [cmTC_574ec] Error 1
make[1]: Leaving directory '/home/basilmt/catkin_ws/build/pkg_ros_basics/CMakeFiles/CMakeTmp'
Makefile:126: recipe for target 'cmTC_574ec/fast' failed
make: *** [cmTC_574ec/fast] Error 2


