[35m[1mScanning dependencies of target _pkg_ros_basics_generate_messages_check_deps_AddTwoInts[0m
[  0%] Built target std_msgs_generate_messages_nodejs
[  0%] Built target geometry_msgs_generate_messages_nodejs
[  0%] Built target std_msgs_generate_messages_py
[  0%] Built target geometry_msgs_generate_messages_py
[  0%] Built target _pkg_ros_basics_generate_messages_check_deps_AddTwoInts
[  0%] Built target _pkg_ros_basics_generate_messages_check_deps_myMessage
[  0%] Built target std_msgs_generate_messages_lisp
[  0%] Built target geometry_msgs_generate_messages_lisp
[  0%] Built target std_msgs_generate_messages_eus
[  0%] Built target geometry_msgs_generate_messages_eus
[  0%] Built target std_msgs_generate_messages_cpp
[  7%] [34m[1mGenerating Javascript code from pkg_ros_basics/AddTwoInts.srv[0m
[  7%] Built target geometry_msgs_generate_messages_cpp
[ 23%] [34m[1mGenerating Python code from SRV pkg_ros_basics/AddTwoInts[0m
[ 23%] [34m[1mGenerating Lisp code from pkg_ros_basics/AddTwoInts.srv[0m
[ 30%] [34m[1mGenerating EusLisp code from pkg_ros_basics/AddTwoInts.srv[0m
[ 38%] Built target pkg_ros_basics_generate_messages_nodejs
[ 46%] Built target pkg_ros_basics_generate_messages_lisp
[ 53%] [34m[1mGenerating C++ code from pkg_ros_basics/AddTwoInts.srv[0m
[ 69%] Built target pkg_ros_basics_generate_messages_eus
[ 84%] [34m[1mGenerating Python srv __init__.py for pkg_ros_basics[0m
[ 84%] [34m[1mGenerating Python msg __init__.py for pkg_ros_basics[0m
[ 92%] Built target pkg_ros_basics_generate_messages_py
[100%] Built target pkg_ros_basics_generate_messages_cpp
[100%] Built target pkg_ros_basics_generate_messages
