[35m[1mScanning dependencies of target std_msgs_generate_messages_cpp[0m
[35m[1mScanning dependencies of target _vitarana_drone_generate_messages_check_deps_edrone_cmd[0m
[35m[1mScanning dependencies of target std_msgs_generate_messages_eus[0m
[35m[1mScanning dependencies of target _vitarana_drone_generate_messages_check_deps_prop_speed[0m
[  0%] Built target std_msgs_generate_messages_cpp
[  0%] Built target std_msgs_generate_messages_eus
[35m[1mScanning dependencies of target std_msgs_generate_messages_py[0m
[35m[1mScanning dependencies of target std_msgs_generate_messages_lisp[0m
[  0%] Built target _vitarana_drone_generate_messages_check_deps_edrone_cmd
[  0%] Built target std_msgs_generate_messages_py
[  0%] Built target std_msgs_generate_messages_lisp
[  0%] Built target _vitarana_drone_generate_messages_check_deps_prop_speed
[35m[1mScanning dependencies of target std_msgs_generate_messages_nodejs[0m
[35m[1mScanning dependencies of target vitarana_drone_gencfg[0m
[35m[1mScanning dependencies of target vitarana_drone_generate_messages_eus[0m
[35m[1mScanning dependencies of target vitarana_drone_generate_messages_cpp[0m
[  0%] Built target std_msgs_generate_messages_nodejs
[  5%] [34m[1mGenerating dynamic reconfigure files from cfg/SensorModel.cfg: /home/basilmt/catkin_ws/devel/.private/vitarana_drone/include/vitarana_drone/SensorModelConfig.h /home/basilmt/catkin_ws/devel/.private/vitarana_drone/lib/python2.7/dist-packages/vitarana_drone/cfg/SensorModelConfig.py[0m
[ 11%] [34m[1mGenerating C++ code from vitarana_drone/prop_speed.msg[0m
[ 16%] [34m[1mGenerating EusLisp code from vitarana_drone/prop_speed.msg[0m
[35m[1mScanning dependencies of target vitarana_drone_generate_messages_py[0m
[ 22%] [34m[1mGenerating Python from MSG vitarana_drone/prop_speed[0m
Generating reconfiguration files for SensorModel in vitarana_drone
Wrote header file in /home/basilmt/catkin_ws/devel/.private/vitarana_drone/include/vitarana_drone/SensorModelConfig.h
[ 27%] [34m[1mGenerating EusLisp code from vitarana_drone/edrone_cmd.msg[0m
[ 33%] [34m[1mGenerating dynamic reconfigure files from cfg/GNSS.cfg: /home/basilmt/catkin_ws/devel/.private/vitarana_drone/include/vitarana_drone/GNSSConfig.h /home/basilmt/catkin_ws/devel/.private/vitarana_drone/lib/python2.7/dist-packages/vitarana_drone/cfg/GNSSConfig.py[0m
[ 38%] [34m[1mGenerating Python from MSG vitarana_drone/edrone_cmd[0m
Generating reconfiguration files for GNSS in vitarana_drone
Wrote header file in /home/basilmt/catkin_ws/devel/.private/vitarana_drone/include/vitarana_drone/GNSSConfig.h
[ 44%] [34m[1mGenerating EusLisp manifest code for vitarana_drone[0m
[ 50%] [34m[1mGenerating C++ code from vitarana_drone/edrone_cmd.msg[0m
[ 50%] Built target vitarana_drone_gencfg
[35m[1mScanning dependencies of target vitarana_drone_generate_messages_lisp[0m
[ 55%] [34m[1mGenerating Python msg __init__.py for vitarana_drone[0m
[ 61%] [34m[1mGenerating Lisp code from vitarana_drone/prop_speed.msg[0m
[ 66%] [34m[1mGenerating Lisp code from vitarana_drone/edrone_cmd.msg[0m
[ 66%] Built target vitarana_drone_generate_messages_cpp
[35m[1mScanning dependencies of target vitarana_drone_generate_messages_nodejs[0m
[ 66%] Built target vitarana_drone_generate_messages_py
[35m[1mScanning dependencies of target gazebo_ros_gps[0m
[ 72%] [34m[1mGenerating Javascript code from vitarana_drone/prop_speed.msg[0m
[ 72%] Built target vitarana_drone_generate_messages_lisp
[ 77%] [34m[1mGenerating Javascript code from vitarana_drone/edrone_cmd.msg[0m
[35m[1mScanning dependencies of target gazebo_edrone_propulsion[0m
[ 77%] Built target vitarana_drone_generate_messages_nodejs
[ 83%] [32mBuilding CXX object CMakeFiles/gazebo_ros_gps.dir/src/gazebo_ros_gps.cpp.o[0m
[ 88%] [32mBuilding CXX object CMakeFiles/gazebo_edrone_propulsion.dir/src/gazebo_edrone_propulsion.cpp.o[0m
[ 88%] Built target vitarana_drone_generate_messages_eus
[35m[1mScanning dependencies of target vitarana_drone_generate_messages[0m
[ 88%] Built target vitarana_drone_generate_messages
[ 94%] [32m[1mLinking CXX shared library /home/basilmt/catkin_ws/devel/.private/vitarana_drone/lib/libgazebo_edrone_propulsion.so[0m
[ 94%] Built target gazebo_edrone_propulsion
[100%] [32m[1mLinking CXX shared library /home/basilmt/catkin_ws/devel/.private/vitarana_drone/lib/libgazebo_ros_gps.so[0m
[100%] Built target gazebo_ros_gps
