Symlinking /home/basilmt/catkin_ws/devel/include/vitarana_drone/GNSSConfig.h
Symlinking /home/basilmt/catkin_ws/devel/include/vitarana_drone/SensorModelConfig.h
Symlinking /home/basilmt/catkin_ws/devel/include/vitarana_drone/prop_speed.h
Symlinking /home/basilmt/catkin_ws/devel/include/vitarana_drone/edrone_cmd.h
Symlinking /home/basilmt/catkin_ws/devel/share/gennodejs/ros/vitarana_drone/_index.js
Symlinking /home/basilmt/catkin_ws/devel/share/gennodejs/ros/vitarana_drone/msg/edrone_cmd.js
Symlinking /home/basilmt/catkin_ws/devel/share/gennodejs/ros/vitarana_drone/msg/prop_speed.js
Symlinking /home/basilmt/catkin_ws/devel/share/gennodejs/ros/vitarana_drone/msg/_index.js
Symlinking /home/basilmt/catkin_ws/devel/share/common-lisp/ros/vitarana_drone/msg/_package.lisp
Symlinking /home/basilmt/catkin_ws/devel/share/common-lisp/ros/vitarana_drone/msg/_package_edrone_cmd.lisp
Symlinking /home/basilmt/catkin_ws/devel/share/common-lisp/ros/vitarana_drone/msg/edrone_cmd.lisp
Symlinking /home/basilmt/catkin_ws/devel/share/common-lisp/ros/vitarana_drone/msg/_package_prop_speed.lisp
Symlinking /home/basilmt/catkin_ws/devel/share/common-lisp/ros/vitarana_drone/msg/prop_speed.lisp
Symlinking /home/basilmt/catkin_ws/devel/share/common-lisp/ros/vitarana_drone/msg/vitarana_drone-msg.asd
Symlinking /home/basilmt/catkin_ws/devel/share/vitarana_drone/docs/GNSSConfig.wikidoc
Symlinking /home/basilmt/catkin_ws/devel/share/vitarana_drone/docs/GNSSConfig-usage.dox
Symlinking /home/basilmt/catkin_ws/devel/share/vitarana_drone/docs/SensorModelConfig.wikidoc
Symlinking /home/basilmt/catkin_ws/devel/share/vitarana_drone/docs/SensorModelConfig-usage.dox
Symlinking /home/basilmt/catkin_ws/devel/share/vitarana_drone/docs/GNSSConfig.dox
Symlinking /home/basilmt/catkin_ws/devel/share/vitarana_drone/docs/SensorModelConfig.dox
Symlinking /home/basilmt/catkin_ws/devel/share/vitarana_drone/cmake/vitarana_drone-msg-paths.cmake
Symlinking /home/basilmt/catkin_ws/devel/share/vitarana_drone/cmake/vitarana_drone-msg-extras.cmake
Symlinking /home/basilmt/catkin_ws/devel/share/vitarana_drone/cmake/vitarana_droneConfig.cmake
Symlinking /home/basilmt/catkin_ws/devel/share/vitarana_drone/cmake/vitarana_droneConfig-version.cmake
Symlinking /home/basilmt/catkin_ws/devel/share/roseus/ros/vitarana_drone/manifest.l
Symlinking /home/basilmt/catkin_ws/devel/share/roseus/ros/vitarana_drone/msg/edrone_cmd.l
Symlinking /home/basilmt/catkin_ws/devel/share/roseus/ros/vitarana_drone/msg/prop_speed.l
Symlinking /home/basilmt/catkin_ws/devel/lib/libgazebo_ros_gps.so
Symlinking /home/basilmt/catkin_ws/devel/lib/libgazebo_edrone_propulsion.so
Symlinking /home/basilmt/catkin_ws/devel/lib/python2.7/dist-packages/vitarana_drone/__init__.py
Symlinking /home/basilmt/catkin_ws/devel/lib/python2.7/dist-packages/vitarana_drone/cfg/SensorModelConfig.py
Symlinking /home/basilmt/catkin_ws/devel/lib/python2.7/dist-packages/vitarana_drone/cfg/__init__.py
Symlinking /home/basilmt/catkin_ws/devel/lib/python2.7/dist-packages/vitarana_drone/cfg/GNSSConfig.py
Symlinking /home/basilmt/catkin_ws/devel/lib/python2.7/dist-packages/vitarana_drone/msg/_edrone_cmd.py
Symlinking /home/basilmt/catkin_ws/devel/lib/python2.7/dist-packages/vitarana_drone/msg/_prop_speed.py
Symlinking /home/basilmt/catkin_ws/devel/lib/python2.7/dist-packages/vitarana_drone/msg/__init__.py
Symlinking /home/basilmt/catkin_ws/devel/lib/pkgconfig/vitarana_drone.pc
