Determining if the pthread_create exist failed with the following output:
Change Dir: /home/basilmt/catkin_ws/build/pid_tune/CMakeFiles/CMakeTmp

Run Build Command:"/usr/bin/make" "cmTC_5ebfd/fast"
/usr/bin/make -f CMakeFiles/cmTC_5ebfd.dir/build.make CMakeFiles/cmTC_5ebfd.dir/build
make[1]: Entering directory '/home/basilmt/catkin_ws/build/pid_tune/CMakeFiles/CMakeTmp'
Building C object CMakeFiles/cmTC_5ebfd.dir/CheckSymbolExists.c.o
/usr/bin/cc    -o CMakeFiles/cmTC_5ebfd.dir/CheckSymbolExists.c.o   -c /home/basilmt/catkin_ws/build/pid_tune/CMakeFiles/CMakeTmp/CheckSymbolExists.c
Linking C executable cmTC_5ebfd
/usr/bin/cmake -E cmake_link_script CMakeFiles/cmTC_5ebfd.dir/link.txt --verbose=1
/usr/bin/cc      -rdynamic CMakeFiles/cmTC_5ebfd.dir/CheckSymbolExists.c.o  -o cmTC_5ebfd 
CMakeFiles/cmTC_5ebfd.dir/CheckSymbolExists.c.o: In function `main':
CheckSymbolExists.c:(.text+0x1b): undefined reference to `pthread_create'
collect2: error: ld returned 1 exit status
CMakeFiles/cmTC_5ebfd.dir/build.make:97: recipe for target 'cmTC_5ebfd' failed
make[1]: *** [cmTC_5ebfd] Error 1
make[1]: Leaving directory '/home/basilmt/catkin_ws/build/pid_tune/CMakeFiles/CMakeTmp'
Makefile:126: recipe for target 'cmTC_5ebfd/fast' failed
make: *** [cmTC_5ebfd/fast] Error 2

File /home/basilmt/catkin_ws/build/pid_tune/CMakeFiles/CMakeTmp/CheckSymbolExists.c:
/* */
#include <pthread.h>

int main(int argc, char** argv)
{
  (void)argv;
#ifndef pthread_create
  return ((int*)(&pthread_create))[argc];
#else
  (void)argc;
  return 0;
#endif
}

Determining if the function pthread_create exists in the pthreads failed with the following output:
Change Dir: /home/basilmt/catkin_ws/build/pid_tune/CMakeFiles/CMakeTmp

Run Build Command:"/usr/bin/make" "cmTC_f983d/fast"
/usr/bin/make -f CMakeFiles/cmTC_f983d.dir/build.make CMakeFiles/cmTC_f983d.dir/build
make[1]: Entering directory '/home/basilmt/catkin_ws/build/pid_tune/CMakeFiles/CMakeTmp'
Building C object CMakeFiles/cmTC_f983d.dir/CheckFunctionExists.c.o
/usr/bin/cc   -DCHECK_FUNCTION_EXISTS=pthread_create   -o CMakeFiles/cmTC_f983d.dir/CheckFunctionExists.c.o   -c /usr/share/cmake-3.10/Modules/CheckFunctionExists.c
Linking C executable cmTC_f983d
/usr/bin/cmake -E cmake_link_script CMakeFiles/cmTC_f983d.dir/link.txt --verbose=1
/usr/bin/cc  -DCHECK_FUNCTION_EXISTS=pthread_create    -rdynamic CMakeFiles/cmTC_f983d.dir/CheckFunctionExists.c.o  -o cmTC_f983d -lpthreads 
/usr/bin/ld: cannot find -lpthreads
collect2: error: ld returned 1 exit status
CMakeFiles/cmTC_f983d.dir/build.make:97: recipe for target 'cmTC_f983d' failed
make[1]: *** [cmTC_f983d] Error 1
make[1]: Leaving directory '/home/basilmt/catkin_ws/build/pid_tune/CMakeFiles/CMakeTmp'
Makefile:126: recipe for target 'cmTC_f983d/fast' failed
make: *** [cmTC_f983d/fast] Error 2


